SF:lib\src\fix_imports.dart
DA:14,1
DA:19,1
DA:20,1
DA:21,1
DA:22,3
DA:23,1
DA:24,1
DA:25,1
DA:26,1
DA:28,1
DA:30,1
DA:31,1
DA:32,1
DA:33,1
DA:35,5
DA:36,2
DA:45,1
DA:46,2
DA:48,2
DA:49,2
DA:50,1
DA:53,1
DA:57,1
DA:62,3
DA:63,1
DA:67,1
DA:68,1
DA:70,2
DA:71,1
DA:72,1
DA:74,1
DA:75,1
DA:76,1
DA:77,1
DA:78,1
DA:79,2
DA:80,1
DA:82,2
DA:84,1
DA:89,1
DA:90,1
DA:91,1
DA:93,1
DA:95,1
DA:96,1
DA:97,1
DA:98,1
DA:99,1
DA:102,2
DA:103,1
DA:104,2
DA:105,1
DA:106,2
DA:107,1
DA:108,2
DA:109,1
DA:110,1
DA:111,1
DA:112,1
DA:114,1
DA:119,4
DA:120,1
DA:122,4
DA:123,1
DA:127,3
DA:128,3
DA:129,3
DA:132,2
DA:133,1
DA:134,2
DA:135,1
DA:137,1
DA:138,2
DA:139,1
DA:141,1
DA:142,2
DA:143,1
DA:145,2
DA:148,1
DA:149,2
DA:150,2
LF:81
LH:81
end_of_record
